[2025-11-30 03:05:25] WARNING [Predicture]: Using default Flask configuration (Config object missing).
[2025-11-30 03:05:43] WARNING [Predicture]: Using default Flask configuration (Config object missing).
[2025-11-30 03:07:53] WARNING [Predicture]: Using default Flask configuration (Config object missing).
[2025-11-30 03:07:59] WARNING [Predicture]: Using default Flask configuration (Config object missing).
[2025-11-30 03:08:46] WARNING [Predicture]: Using default Flask configuration (Config object missing).
[2025-11-30 03:09:17] WARNING [Predicture]: Using default Flask configuration (Config object missing).
[2025-11-30 03:10:24] WARNING [Predicture]: Using default Flask configuration (Config object missing).
[2025-11-30 03:10:33] WARNING [Predicture]: Using default Flask configuration (Config object missing).
[2025-11-30 03:11:51] WARNING [Predicture]: Using default Flask configuration (Config object missing).
[2025-11-30 03:12:07] WARNING [Predicture]: Using default Flask configuration (Config object missing).
[2025-11-30 03:14:03] WARNING [Predicture]: Using default Flask configuration (Config object missing).
[2025-11-30 03:14:35] WARNING [Predicture]: Using default Flask configuration (Config object missing).
[2025-11-30 03:15:51] WARNING [Predicture]: Using default Flask configuration (Config object missing).
[2025-11-30 03:19:01] WARNING [Predicture]: Using default Flask configuration (Config object missing).
[2025-11-30 03:21:42] WARNING [Predicture]: Using default Flask configuration (Config object missing).
[2025-11-30 03:26:09] WARNING [Predicture]: Using default Flask configuration (Config object missing).
[2025-11-30 03:26:48] WARNING [Predicture]: Using default Flask configuration (Config object missing).
[2025-11-30 03:26:58] WARNING [Predicture]: Using default Flask configuration (Config object missing).
[2025-11-30 03:27:07] WARNING [Predicture]: Using default Flask configuration (Config object missing).
[2025-11-30 03:27:17] WARNING [Predicture]: Using default Flask configuration (Config object missing).
[2025-11-30 03:27:29] WARNING [Predicture]: Using default Flask configuration (Config object missing).
[2025-11-30 03:29:47] WARNING [Predicture]: Using default Flask configuration (Config object missing).
[2025-11-30 03:32:25] WARNING [Predicture]: Using default Flask configuration (Config object missing).
[2025-11-30 03:33:32] WARNING [Predicture]: Using default Flask configuration (Config object missing).
[2025-11-30 03:34:16] WARNING [Predicture]: Using default Flask configuration (Config object missing).
[2025-11-30 03:35:47] WARNING [Predicture]: Using default Flask configuration (Config object missing).
[2025-11-30 03:36:55] WARNING [Predicture]: Using default Flask configuration (Config object missing).
[2025-11-30 03:37:48] WARNING [Predicture]: Using default Flask configuration (Config object missing).
[2025-11-30 03:38:41] WARNING [Predicture]: Using default Flask configuration (Config object missing).
[2025-11-30 03:39:19] WARNING [Predicture]: Using default Flask configuration (Config object missing).
[2025-11-30 03:40:17] WARNING [Predicture]: Using default Flask configuration (Config object missing).
[2025-11-30 03:40:28] WARNING [Predicture]: Using default Flask configuration (Config object missing).
[2025-11-30 03:42:48] WARNING [Predicture]: Using default Flask configuration (Config object missing).
[2025-11-30 03:42:53] WARNING [Predicture]: Using default Flask configuration (Config object missing).
[2025-11-30 03:43:46] WARNING [Predicture]: Using default Flask configuration (Config object missing).
[2025-11-30 03:51:31] WARNING [Predicture]: Using default Flask configuration (Config object missing).
[2025-11-30 03:52:38] WARNING [Predicture]: Using default Flask configuration (Config object missing).
[2025-11-30 03:54:44] WARNING [Predicture]: Using default Flask configuration (Config object missing).
[2025-11-30 03:54:58] WARNING [Predicture]: Using default Flask configuration (Config object missing).
[2025-11-30 03:55:20] WARNING [Predicture]: Using default Flask configuration (Config object missing).
[2025-11-30 03:56:57] WARNING [Predicture]: Using default Flask configuration (Config object missing).
[2025-11-30 03:58:32] WARNING [Predicture]: Using default Flask configuration (Config object missing).
[2025-11-30 04:00:02] WARNING [Predicture]: Using default Flask configuration (Config object missing).
[2025-11-30 04:00:53] WARNING [Predicture]: Using default Flask configuration (Config object missing).
[2025-11-30 04:02:07] WARNING [Predicture]: Using default Flask configuration (Config object missing).
[2025-11-30 04:03:20] WARNING [Predicture]: Using default Flask configuration (Config object missing).
[2025-11-30 04:03:28] WARNING [Predicture]: Using default Flask configuration (Config object missing).
[2025-11-30 04:04:41] WARNING [Predicture]: Using default Flask configuration (Config object missing).
[2025-11-30 04:08:49] WARNING [Predicture]: Using default Flask configuration (Config object missing).
[2025-11-30 04:19:03] WARNING [Predicture]: Using default Flask configuration (Config object missing).
[2025-11-30 04:19:07] WARNING [Predicture]: Using default Flask configuration (Config object missing).
[2025-11-30 04:20:54] WARNING [Predicture]: Using default Flask configuration (Config object missing).
[2025-11-30 04:22:47] WARNING [Predicture]: Using default Flask configuration (Config object missing).
[2025-11-30 04:22:52] WARNING [Predicture]: Using default Flask configuration (Config object missing).
[2025-11-30 04:24:39] WARNING [Predicture]: Using default Flask configuration (Config object missing).
[2025-11-30 04:34:02] WARNING [Predicture]: Using default Flask configuration (Config object missing).
[2025-11-30 04:35:17] WARNING [Predicture]: Using default Flask configuration (Config object missing).
[2025-11-30 04:35:22] WARNING [Predicture]: Using default Flask configuration (Config object missing).
[2025-11-30 04:49:39] WARNING [Predicture]: Using default Flask configuration (Config object missing).
[2025-11-30 04:50:16] WARNING [Predicture]: Using default Flask configuration (Config object missing).
[2025-11-30 04:51:50] WARNING [Predicture]: Using default Flask configuration (Config object missing).
[2025-11-30 04:52:52] WARNING [Predicture]: Using default Flask configuration (Config object missing).
[2025-11-30 04:52:59] WARNING [Predicture]: Using default Flask configuration (Config object missing).
[2025-11-30 05:00:05] WARNING [Predicture]: Using default Flask configuration (Config object missing).
[2025-11-30 05:00:09] WARNING [Predicture]: Using default Flask configuration (Config object missing).
[2025-11-30 05:05:13] WARNING [Predicture]: Using default Flask configuration (Config object missing).
[2025-11-30 05:05:18] WARNING [Predicture]: Using default Flask configuration (Config object missing).
[2025-11-30 05:09:34] WARNING [Predicture]: Using default Flask configuration (Config object missing).
[2025-11-30 05:09:39] WARNING [Predicture]: Using default Flask configuration (Config object missing).
[2025-11-30 05:29:24] WARNING [Predicture]: main_bp not found: request hooks and page routes will not be attached.
[2025-11-30 05:29:35] WARNING [Predicture]: main_bp not found: request hooks and page routes will not be attached.
[2025-11-30 05:36:44] WARNING [Predicture]: main_bp not found: request hooks and page routes will not be attached.
[2025-11-30 06:07:12] WARNING [Predicture]: main_bp not found: request hooks and page routes will not be attached.
[2025-11-30 06:07:21] WARNING [Predicture]: main_bp not found: request hooks and page routes will not be attached.
[2025-11-30 06:09:29] WARNING [Predicture]: main_bp not found: request hooks and page routes will not be attached.
[2025-11-30 06:09:38] WARNING [Predicture]: main_bp not found: request hooks and page routes will not be attached.
[2025-11-30 10:49:12] WARNING [Predicture]: main_bp not found: request hooks and page routes will not be attached.
[2025-11-30 10:49:33] WARNING [Predicture]: main_bp not found: request hooks and page routes will not be attached.
[2025-11-30 10:56:43] WARNING [Predicture]: main_bp not found: request hooks and page routes will not be attached.
[2025-11-30 10:56:55] WARNING [Predicture]: main_bp not found: request hooks and page routes will not be attached.
[2025-11-30 10:59:20] WARNING [Predicture]: main_bp not found: request hooks and page routes will not be attached.
[2025-11-30 11:07:30] WARNING [Predicture]: main_bp not found: request hooks and page routes will not be attached.
[2025-11-30 11:07:43] WARNING [Predicture]: main_bp not found: request hooks and page routes will not be attached.
[2025-11-30 11:10:20] WARNING [Predicture]: main_bp not found: request hooks and page routes will not be attached.
[2025-11-30 11:11:26] WARNING [Predicture]: main_bp not found: request hooks and page routes will not be attached.
[2025-11-30 11:13:32] WARNING [Predicture]: main_bp not found: request hooks and page routes will not be attached.
[2025-11-30 11:13:57] WARNING [Predicture]: main_bp not found: request hooks and page routes will not be attached.
[2025-11-30 11:14:13] WARNING [Predicture]: main_bp not found: request hooks and page routes will not be attached.
[2025-11-30 11:15:58] WARNING [Predicture]: main_bp not found: request hooks and page routes will not be attached.
[2025-11-30 11:16:46] WARNING [Predicture]: main_bp not found: request hooks and page routes will not be attached.
[2025-11-30 11:20:08] WARNING [Predicture]: main_bp not found: request hooks and page routes will not be attached.
[2025-11-30 11:21:25] WARNING [Predicture]: main_bp not found: request hooks and page routes will not be attached.
[2025-11-30 11:21:47] WARNING [Predicture]: main_bp not found: request hooks and page routes will not be attached.
[2025-11-30 11:23:49] WARNING [Predicture]: main_bp not found: request hooks and page routes will not be attached.
[2025-11-30 11:24:31] WARNING [Predicture]: main_bp not found: request hooks and page routes will not be attached.
[2025-11-30 11:24:51] WARNING [Predicture]: main_bp not found: request hooks and page routes will not be attached.
[2025-11-30 11:31:54] WARNING [Predicture]: main_bp not found: request hooks and page routes will not be attached.
[2025-11-30 11:44:43] ERROR [Predicture]: Failed to register API routes: cannot import name 'Config' from 'core.config' (F:\Python Language\SEMESTER 3\Project of Discrete Mathematics\project_insurance\core\config.py)
[2025-11-30 11:44:55] ERROR [Predicture]: Failed to register API routes: cannot import name 'Config' from 'core.config' (F:\Python Language\SEMESTER 3\Project of Discrete Mathematics\project_insurance\core\config.py)
[2025-11-30 11:46:31] ERROR [Predicture]: Failed to register API routes: cannot import name 'Config' from 'core.config' (F:\Python Language\SEMESTER 3\Project of Discrete Mathematics\project_insurance\core\config.py)
[2025-11-30 11:47:05] ERROR [Predicture]: Failed to register API routes: cannot import name 'CSV_REQUIRED_COLUMNS' from 'core.constants' (F:\Python Language\SEMESTER 3\Project of Discrete Mathematics\project_insurance\core\constants.py)
[2025-11-30 11:48:56] ERROR [Predicture]: Failed to register API routes: cannot import name 'CSV_REQUIRED_COLUMNS' from 'core.constants' (F:\Python Language\SEMESTER 3\Project of Discrete Mathematics\project_insurance\core\constants.py)
[2025-11-30 11:50:12] ERROR [Predicture]: Failed to register API routes: cannot import name 'CSV_REQUIRED_COLUMNS' from 'core.constants' (F:\Python Language\SEMESTER 3\Project of Discrete Mathematics\project_insurance\core\constants.py)
[2025-11-30 11:50:24] ERROR [Predicture]: Failed to register API routes: cannot import name 'CSV_REQUIRED_COLUMNS' from 'core.constants' (F:\Python Language\SEMESTER 3\Project of Discrete Mathematics\project_insurance\core\constants.py)
[2025-11-30 13:16:52] WARNING [Predicture]: main_bp not found: request hooks and page routes will not be attached.
[2025-11-30 14:53:34] ERROR [Predicture]: Failed to register API routes: unindent does not match any outer indentation level (prediction_routes.py, line 7)
[2025-11-30 14:53:51] ERROR [Predicture]: Failed to register API routes: unindent does not match any outer indentation level (prediction_routes.py, line 7)
[2025-11-30 14:54:08] ERROR [Predicture]: Failed to register API routes: unindent does not match any outer indentation level (prediction_routes.py, line 7)
[2025-11-30 14:54:21] ERROR [Predicture]: Failed to register API routes: unindent does not match any outer indentation level (prediction_routes.py, line 7)
[2025-11-30 14:56:04] ERROR [Predicture]: Failed to register API routes: name 'Blueprint' is not defined
